<?xml version="1.0" encoding="UTF-8"?>
<!-- Generated by org.testng.reporters.JUnitReportReporter -->
<testsuite hostname="vinh-nguyen.local" failures="0" tests="1" name="LoginTest" time="3.913" errors="0" timestamp="2020-05-16T20:57:36 ICT" skipped="0">
  <testcase classname="LoginTest" name="loginTest" time="3.913"/>
</testsuite> <!-- LoginTest -->
